0 verbose cli [
0 verbose cli   'C:\\Program Files\\nodejs\\node.exe',
0 verbose cli   'C:\\Program Files\\nodejs\\node_modules\\npm\\bin\\npm-cli.js',
0 verbose cli   'i',
0 verbose cli   '--save-dev',
0 verbose cli   '@types/react-flippy'
0 verbose cli ]
1 info using npm@8.1.2
2 info using node@v16.13.1
3 timing npm:load:whichnode Completed in 0ms
4 timing config:load:defaults Completed in 1ms
5 timing config:load:file:C:\Program Files\nodejs\node_modules\npm\npmrc Completed in 3ms
6 timing config:load:builtin Completed in 3ms
7 timing config:load:cli Completed in 2ms
8 timing config:load:env Completed in 0ms
9 timing config:load:file:C:\Users\I5 7600K\Documents\CODERHOUSE\React-JS\e.store\.npmrc Completed in 0ms
10 timing config:load:project Completed in 1ms
11 timing config:load:file:C:\Users\I5 7600K\.npmrc Completed in 1ms
12 timing config:load:user Completed in 1ms
13 timing config:load:file:C:\Users\I5 7600K\AppData\Roaming\npm\etc\npmrc Completed in 0ms
14 timing config:load:global Completed in 0ms
15 timing config:load:validate Completed in 1ms
16 timing config:load:credentials Completed in 0ms
17 timing config:load:setEnvs Completed in 1ms
18 timing config:load Completed in 10ms
19 timing npm:load:configload Completed in 10ms
20 timing npm:load:setTitle Completed in 0ms
21 timing npm:load:setupLog Completed in 1ms
22 timing config:load:flatten Completed in 3ms
23 timing npm:load:cleanupLog Completed in 2ms
24 timing npm:load:configScope Completed in 0ms
25 timing npm:load:projectScope Completed in 1ms
26 timing npm:load Completed in 18ms
27 timing arborist:ctor Completed in 0ms
28 timing idealTree:init Completed in 705ms
29 timing idealTree:userRequests Completed in 3ms
30 silly idealTree buildDeps
31 silly fetch manifest @types/react-flippy@*
32 timing arborist:ctor Completed in 0ms
33 http fetch GET 404 https://registry.npmjs.org/@types%2freact-flippy 1042ms (cache skip)
34 http fetch GET 404 https://registry.npmjs.org/@types%2freact-flippy 1100ms (cache skip)
35 silly placeDep ROOT @types/react-flippy@ OK for: e.store@0.1.0 want: *
36 timing idealTree:#root Completed in 2152ms
37 timing idealTree:node_modules/@types/react-flippy Completed in 0ms
38 timing idealTree:buildDeps Completed in 2153ms
39 timing idealTree:fixDepFlags Completed in 8ms
40 timing idealTree Completed in 2869ms
41 timing command:install Completed in 2884ms
42 verbose stack HttpErrorGeneral: 404 Not Found - GET https://registry.npmjs.org/@types%2freact-flippy - Not found
42 verbose stack     at C:\Program Files\nodejs\node_modules\npm\node_modules\npm-registry-fetch\check-response.js:95:15
42 verbose stack     at processTicksAndRejections (node:internal/process/task_queues:96:5)
42 verbose stack     at async Arborist.[nodeFromEdge] (C:\Program Files\nodejs\node_modules\npm\node_modules\@npmcli\arborist\lib\arborist\build-ideal-tree.js:1061:19)
42 verbose stack     at async Arborist.[buildDepStep] (C:\Program Files\nodejs\node_modules\npm\node_modules\@npmcli\arborist\lib\arborist\build-ideal-tree.js:930:11)
42 verbose stack     at async Arborist.buildIdealTree (C:\Program Files\nodejs\node_modules\npm\node_modules\@npmcli\arborist\lib\arborist\build-ideal-tree.js:216:7)
42 verbose stack     at async Promise.all (index 1)
42 verbose stack     at async Arborist.reify (C:\Program Files\nodejs\node_modules\npm\node_modules\@npmcli\arborist\lib\arborist\reify.js:149:5)
42 verbose stack     at async Install.install (C:\Program Files\nodejs\node_modules\npm\lib\install.js:170:5)
43 verbose statusCode 404
44 verbose pkgid @types/react-flippy@*
45 verbose cwd C:\Users\I5 7600K\Documents\CODERHOUSE\React-JS\e.store
46 verbose Windows_NT 10.0.19043
47 verbose argv "C:\\Program Files\\nodejs\\node.exe" "C:\\Program Files\\nodejs\\node_modules\\npm\\bin\\npm-cli.js" "i" "--save-dev" "@types/react-flippy"
48 verbose node v16.13.1
49 verbose npm  v8.1.2
50 error code E404
51 error 404 Not Found - GET https://registry.npmjs.org/@types%2freact-flippy - Not found
52 error 404
53 error 404 '@types/react-flippy@*' is not in this registry.
54 error 404 You should bug the author to publish it (or use the name yourself!)
55 error 404 Note that you can also install from a
56 error 404 tarball, folder, http url, or git url.
57 verbose exit 1
